


------------------------------------------------------------------------------------------------------------------------------------
------------------------------------------------------------------------------------------------------------------------------------
------------------------------------------------------------------------------------------------------------------------------------



2025-03-30T18:29:02.423Z [BOT] info: Starting the bot...
2025-03-30T18:29:02.588Z [BOT] debug: Command upload-editor loaded from /home/dev/0/3-dev/discord-bot-2/src/commands/upload/upload-editor.js
2025-03-30T18:29:02.593Z [BOT] debug: Command upload loaded from /home/dev/0/3-dev/discord-bot-2/src/commands/upload/upload.js
2025-03-30T18:29:02.682Z [BOT] info: HTTP server listening on port 4444
2025-03-30T18:29:03.421Z [BOT] debug: Client is ready: true
2025-03-30T18:29:03.421Z [BOT] info: Ready! Logged in as XIV-repository-C#3393
2025-03-30T18:29:07.126Z [Upload-Command] info: Upload command executed by estellelebon in Xiv-Midi-Library-Test
2025-03-30T18:29:07.127Z [Upload-Command] debug: User ID: 514764375106781194
2025-03-30T18:29:07.127Z [Upload-Command] debug: Channel ID: 1304894267981959286
2025-03-30T18:29:07.301Z [Upload-Command] debug: Starting upload process...
2025-03-30T18:29:07.306Z [BOT] error: undefined
2025-03-30T18:29:07.302Z [Upload-Class] info: Processing upload [Editor role: true]
2025-03-30T18:29:07.306Z [User-Class] info: Initializing user null
2025-03-30T18:29:07.302Z [Upload-Class] debug: Initializing error class
2025-03-30T18:29:07.303Z [Upload-Class] debug: Interaction: /upload-editor midi:1355972122639470753 band-size:Quartet artist:test title:test push-options:website + discord + editor channel
2025-03-30T18:29:07.303Z [Upload-Class] debug: Logger: [object Object]
2025-03-30T18:29:07.303Z [Upload-Class] debug: Stream: new
2025-03-30T18:29:07.303Z [Upload-Class] debug: Creating new stream
2025-03-30T18:29:07.303Z [Upload-Class] debug: Getting random seed
2025-03-30T18:29:07.304Z [Upload-Class] debug: Random seed: ERR000000000000000003020251829070000
2025-03-30T18:29:07.304Z [Upload-Class] debug: Stream ID: ERR000000000000000003020251829070000
2025-03-30T18:29:07.304Z [Upload-Class] debug: Session created
