


------------------------------------------------------------------------------------------------------------------------------------
------------------------------------------------------------------------------------------------------------------------------------
------------------------------------------------------------------------------------------------------------------------------------



2025-03-30T18:40:51.466Z [BOT] info: Starting the bot...
2025-03-30T18:40:51.618Z [BOT] debug: Command upload-editor loaded from /home/dev/0/3-dev/discord-bot-2/src/commands/upload/upload-editor.js
2025-03-30T18:40:51.625Z [BOT] debug: Command upload loaded from /home/dev/0/3-dev/discord-bot-2/src/commands/upload/upload.js
2025-03-30T18:40:51.692Z [BOT] info: HTTP server listening on port 4444
2025-03-30T18:40:52.318Z [BOT] debug: Client is ready: true
2025-03-30T18:40:52.319Z [BOT] info: Ready! Logged in as XIV-repository-C#3393
2025-03-30T18:40:59.406Z [Upload-Command] info: Upload command executed by estellelebon in Xiv-Midi-Library-Test
2025-03-30T18:40:59.407Z [Upload-Command] debug: User ID: 514764375106781194
2025-03-30T18:40:59.407Z [Upload-Command] debug: Channel ID: 1304894267981959286
2025-03-30T18:40:59.619Z [Upload-Command] debug: Starting upload process...
2025-03-30T18:40:59.619Z [Upload-Class] info: Processing upload [Editor role: true]
2025-03-30T18:40:59.622Z [User-Class] info: Initializing user...
2025-03-30T18:40:59.620Z [Upload-Class] debug: Initializing error class
2025-03-30T18:40:59.620Z [Upload-Class] debug: Stream: new
2025-03-30T18:40:59.620Z [Upload-Class] debug: Creating new stream
2025-03-30T18:40:59.621Z [Upload-Class] debug: Getting random seed
2025-03-30T18:40:59.621Z [Upload-Class] debug: Random seed: ERR000000000000000003020251840590000
2025-03-30T18:40:59.621Z [Upload-Class] debug: Stream ID: ERR000000000000000003020251840590000
2025-03-30T18:40:59.621Z [Upload-Class] debug: Session created
2025-03-30T18:40:59.623Z [User-Class] debug: Initializing error class
2025-03-30T18:40:59.623Z [User-Class] debug: Stream: ERR000000000000000003020251840590000
2025-03-30T18:40:59.623Z [User-Class] debug: Joining existing stream
2025-03-30T18:40:59.623Z [User-Class] debug: Stream already exists
2025-03-30T18:40:59.623Z [User-Class] debug: Stream: [object Object]
2025-03-30T18:40:59.623Z [User-Class] debug: Error initialized
2025-03-30T18:40:59.623Z [User-Class] debug: Interaction is not null
2025-03-30T18:40:59.624Z [User-Class] debug: Discord ID: 514764375106781194
2025-03-30T18:40:59.624Z [User-Class] info: Getting user 514764375106781194
2025-03-30T18:40:59.624Z [User-Class] debug: Getting user data from http://dev-api-lb:5000/user/514764375106781194
2025-03-30T18:40:59.649Z [User-Class] error: Error getting user: Error: getaddrinfo ENOTFOUND dev-api-lb
2025-03-30T18:40:59.650Z [BOT] error: undefined



------------------------------------------------------------------------------------------------------------------------------------
------------------------------------------------------------------------------------------------------------------------------------
------------------------------------------------------------------------------------------------------------------------------------



2025-04-05T10:28:02.503Z - info: [DeployCommands] Starting command deployment...
2025-04-05T10:28:02.504Z - debug: [DeployCommands] Found 3 command folders.
2025-04-05T10:28:02.505Z - debug: [DeployCommands] Found 0 command files in folder admin.
2025-04-05T10:28:02.505Z - debug: [DeployCommands] Found 0 command files in folder editors.
2025-04-05T10:28:02.506Z - debug: [DeployCommands] Found 2 command files in folder upload.
2025-04-05T10:28:02.648Z - info: [DeployCommands] Loaded command upload-editor from file upload-editor.js.
2025-04-05T10:28:02.653Z - info: [DeployCommands] Loaded command upload from file upload.js.
2025-04-05T10:28:02.653Z - debug: [DeployCommands] Preparing REST instance with token MTIwODQyNTUyMTY2NzM3NTE0NQ.GmXecj.dN9M1KhS_6LnLSPlpzULvd8bEevc3LBJukDttI.
2025-04-05T10:28:02.654Z - debug: [DeployCommands] Started refreshing 2 application (/) commands.
2025-04-05T10:28:02.656Z - debug: [DeployCommands] Commands: [
  {
    "options": [
      {
        "name": "midi",
        "description": "[required] .mid file to upload.",
        "required": true,
        "type": 11
      },
      {
        "type": 3,
        "choices": [
          {
            "name": "solo",
            "value": "Solo"
          },
          {
            "name": "duet",
            "value": "Duet"
          },
          {
            "name": "trio",
            "value": "Trio"
          },
          {
            "name": "quartet",
            "value": "Quartet"
          },
          {
            "name": "quintet",
            "value": "Quintet"
          },
          {
            "name": "sextet",
            "value": "Sextet"
          },
          {
            "name": "septet",
            "value": "Septet"
          },
          {
            "name": "octet",
            "value": "Octet"
          }
        ],
        "name": "band-size",
        "description": "[required] Number of performers / tracks.",
        "required": true
      },
      {
        "type": 3,
        "name": "artist",
        "description": "[required] Artist of the song.",
        "required": true
      },
      {
        "type": 3,
        "name": "title",
        "description": "[required] Title of the song.",
        "required": true
      },
      {
        "type": 3,
        "choices": [
          {
            "name": "Public Discord (Solo-Octet channel)",
            "value": "discord"
          },
          {
            "name": "Editor Discord (Your own personal editor channel)",
            "value": "editor channel"
          },
          {
            "name": "Website (xivmidi.com)",
            "value": "website"
          },
          {
            "name": "Website & Public Discord",
            "value": "website + discord"
          },
          {
            "name": "Website & Editor channel",
            "value": "website + editor channel"
          },
          {
            "name": "Public Discord & Editor channel",
            "value": "discord + editor channel"
          },
          {
            "name": "All Options (Website & Public Discord & Editor Discord)",
            "value": "website + discord + editor channel"
          }
        ],
        "name": "push-options",
        "description": "[required] Where to push the file.",
        "required": true
      },
      {
        "type": 3,
        "name": "editor-name",
        "description": "[optional] Enter your desired editor name (will be saved as default for future uploads).",
        "required": false
      },
      {
        "type": 3,
        "name": "source",
        "description": "[optional] Source of the MIDI file.",
        "required": false
      },
      {
        "type": 3,
        "name": "comment",
        "description": "[optional] Any additional information.",
        "required": false
      }
    ],
    "name": "upload-editor",
    "description": "Upload MIDI files.",
    "default_member_permissions": "68719476736",
    "type": 1
  },
  {
    "options": [
      {
        "name": "midi",
        "description": "[required] .mid file to upload.",
        "required": true,
        "type": 11
      },
      {
        "type": 3,
        "choices": [
          {
            "name": "solo",
            "value": "Solo"
          },
          {
            "name": "duet",
            "value": "Duet"
          },
          {
            "name": "trio",
            "value": "Trio"
          },
          {
            "name": "quartet",
            "value": "Quartet"
          },
          {
            "name": "quintet",
            "value": "Quintet"
          },
          {
            "name": "sextet",
            "value": "Sextet"
          },
          {
            "name": "septet",
            "value": "Septet"
          },
          {
            "name": "octet",
            "value": "Octet"
          }
        ],
        "name": "band-size",
        "description": "[required] Number of performers / tracks.",
        "required": true
      },
      {
        "type": 3,
        "name": "artist",
        "description": "[required] Artist of the song.",
        "required": true
      },
      {
        "type": 3,
        "name": "title",
        "description": "[required] Title of the song.",
        "required": true
      },
      {
        "type": 3,
        "name": "editor-name",
        "description": "[optional] Enter your desired editor name (will be saved as default for future uploads).",
        "required": false
      },
      {
        "type": 3,
        "name": "source",
        "description": "[optional] Source of the MIDI file.",
        "required": false
      },
      {
        "type": 3,
        "name": "comment",
        "description": "[optional] Any additional information.",
        "required": false
      }
    ],
    "name": "upload",
    "description": "Upload MIDI files.",
    "default_member_permissions": "68719476736",
    "type": 1
  }
]
2025-04-05T10:28:02.656Z - debug: [DeployCommands] Deploying commands to guild 1304894267042299934.
2025-04-05T10:28:02.656Z - debug: [DeployCommands] Client ID: 1208425521667375145.
2025-04-05T10:28:02.911Z - info: [DeployCommands] Successfully reloaded 2 application (/) commands.
