


------------------------------------------------------------------------------------------------------------------------------------
------------------------------------------------------------------------------------------------------------------------------------
------------------------------------------------------------------------------------------------------------------------------------



2025-03-30T18:38:44.637Z [BOT] info: Starting the bot...
2025-03-30T18:38:44.783Z [BOT] debug: Command upload-editor loaded from /home/dev/0/3-dev/discord-bot-2/src/commands/upload/upload-editor.js
2025-03-30T18:38:44.788Z [BOT] debug: Command upload loaded from /home/dev/0/3-dev/discord-bot-2/src/commands/upload/upload.js
2025-03-30T18:38:44.857Z [BOT] info: HTTP server listening on port 4444
2025-03-30T18:38:45.505Z [BOT] debug: Client is ready: true
2025-03-30T18:38:45.506Z [BOT] info: Ready! Logged in as XIV-repository-C#3393
2025-03-30T18:38:55.500Z [Upload-Command] info: Upload command executed by estellelebon in Xiv-Midi-Library-Test
2025-03-30T18:38:55.501Z [Upload-Command] debug: User ID: 514764375106781194
2025-03-30T18:38:55.501Z [Upload-Command] debug: Channel ID: 1304894267981959286
2025-03-30T18:38:55.737Z [Upload-Command] debug: Starting upload process...
2025-03-30T18:38:55.743Z [BOT] error: undefined
2025-03-30T18:38:55.738Z [Upload-Class] info: Processing upload [Editor role: true]
2025-03-30T18:38:55.741Z [User-Class] info: Initializing user...
2025-03-30T18:38:55.738Z [Upload-Class] debug: Initializing error class
2025-03-30T18:38:55.738Z [Upload-Class] debug: Stream: new
2025-03-30T18:38:55.738Z [Upload-Class] debug: Creating new stream
2025-03-30T18:38:55.739Z [Upload-Class] debug: Getting random seed
2025-03-30T18:38:55.739Z [Upload-Class] debug: Random seed: ERR000000000000000003020251838550000
2025-03-30T18:38:55.739Z [Upload-Class] debug: Stream ID: ERR000000000000000003020251838550000
2025-03-30T18:38:55.739Z [Upload-Class] debug: Session created
2025-03-30T18:38:55.741Z [User-Class] debug: Initializing error class
2025-03-30T18:38:55.741Z [User-Class] debug: Stream: ERR000000000000000003020251838550000
2025-03-30T18:38:55.741Z [User-Class] debug: Joining existing stream
2025-03-30T18:38:55.742Z [User-Class] debug: Stream already exists
2025-03-30T18:38:55.742Z [User-Class] debug: Stream: [object Object]
2025-03-30T18:38:55.742Z [User-Class] debug: Error initialized
2025-03-30T18:38:55.742Z [User-Class] debug: Interaction is not null
