


------------------------------------------------------------------------------------------------------------------------------------
------------------------------------------------------------------------------------------------------------------------------------
------------------------------------------------------------------------------------------------------------------------------------



2025-03-30T18:39:42.538Z [BOT] info: Starting the bot...
2025-03-30T18:39:42.681Z [BOT] debug: Command upload-editor loaded from /home/dev/0/3-dev/discord-bot-2/src/commands/upload/upload-editor.js
2025-03-30T18:39:42.686Z [BOT] debug: Command upload loaded from /home/dev/0/3-dev/discord-bot-2/src/commands/upload/upload.js
2025-03-30T18:39:42.760Z [BOT] info: HTTP server listening on port 4444
2025-03-30T18:39:43.532Z [BOT] debug: Client is ready: true
2025-03-30T18:39:43.533Z [BOT] info: Ready! Logged in as XIV-repository-C#3393
2025-03-30T18:39:49.583Z [Upload-Command] info: Upload command executed by estellelebon in Xiv-Midi-Library-Test
2025-03-30T18:39:49.583Z [Upload-Command] debug: User ID: 514764375106781194
2025-03-30T18:39:49.584Z [Upload-Command] debug: Channel ID: 1304894267981959286
2025-03-30T18:39:49.885Z [Upload-Command] debug: Starting upload process...
2025-03-30T18:39:49.890Z [BOT] error: undefined
2025-03-30T18:39:49.885Z [Upload-Class] info: Processing upload [Editor role: true]
2025-03-30T18:39:49.888Z [User-Class] info: Initializing user...
2025-03-30T18:39:49.886Z [Upload-Class] debug: Initializing error class
2025-03-30T18:39:49.886Z [Upload-Class] debug: Stream: new
2025-03-30T18:39:49.886Z [Upload-Class] debug: Creating new stream
2025-03-30T18:39:49.887Z [Upload-Class] debug: Getting random seed
2025-03-30T18:39:49.887Z [Upload-Class] debug: Random seed: ERR000000000000000003020251839490000
2025-03-30T18:39:49.887Z [Upload-Class] debug: Stream ID: ERR000000000000000003020251839490000
2025-03-30T18:39:49.887Z [Upload-Class] debug: Session created
2025-03-30T18:39:49.889Z [User-Class] debug: Initializing error class
2025-03-30T18:39:49.889Z [User-Class] debug: Stream: ERR000000000000000003020251839490000
2025-03-30T18:39:49.889Z [User-Class] debug: Joining existing stream
2025-03-30T18:39:49.889Z [User-Class] debug: Stream already exists
2025-03-30T18:39:49.889Z [User-Class] debug: Stream: [object Object]
2025-03-30T18:39:49.889Z [User-Class] debug: Error initialized
2025-03-30T18:39:49.889Z [User-Class] debug: Interaction is not null
