


------------------------------------------------------------------------------------------------------------------------------------
------------------------------------------------------------------------------------------------------------------------------------
------------------------------------------------------------------------------------------------------------------------------------



2025-03-30T18:25:37.076Z [BOT] info: Starting the bot...
2025-03-30T18:25:37.238Z [BOT] debug: Command upload-editor loaded from /home/dev/0/3-dev/discord-bot-2/src/commands/upload/upload-editor.js
2025-03-30T18:25:37.246Z [BOT] debug: Command upload loaded from /home/dev/0/3-dev/discord-bot-2/src/commands/upload/upload.js
2025-03-30T18:25:37.320Z [BOT] info: HTTP server listening on port 4444
2025-03-30T18:25:37.950Z [BOT] debug: Client is ready: true
2025-03-30T18:25:37.950Z [BOT] info: Ready! Logged in as XIV-repository-C#3393
2025-03-30T18:25:44.464Z [Upload-Command] info: Upload command executed by estellelebon in Xiv-Midi-Library-Test
2025-03-30T18:25:44.464Z [Upload-Command] debug: User ID: 514764375106781194
2025-03-30T18:25:44.465Z [Upload-Command] debug: Channel ID: 1304894267981959286
2025-03-30T18:25:44.637Z [Upload-Command] debug: Starting upload process...
2025-03-30T18:25:44.643Z [BOT] error: undefined
2025-03-30T18:25:44.638Z [Upload-Class] info: Processing upload [Editor role: true]
2025-03-30T18:25:44.642Z [User-Class] info: Initializing user null
2025-03-30T18:25:44.638Z [Upload-Class] debug: Initializing error class
2025-03-30T18:25:44.639Z [Upload-Class] debug: Interaction: /upload-editor midi:1355971266305065050 band-size:Quartet artist:test title:test push-options:website + discord + editor channel
2025-03-30T18:25:44.639Z [Upload-Class] debug: Logger: [object Object]
2025-03-30T18:25:44.639Z [Upload-Class] debug: Stream: new
2025-03-30T18:25:44.639Z [Upload-Class] debug: Creating new stream
2025-03-30T18:25:44.640Z [Upload-Class] debug: Getting random seed
2025-03-30T18:25:44.640Z [Upload-Class] debug: Random seed: ERR000000000000000003020251825440000
2025-03-30T18:25:44.640Z [Upload-Class] debug: Stream ID: ERR000000000000000003020251825440000
2025-03-30T18:25:44.640Z [Upload-Class] debug: Session created
